ERROR - 2022-04-16 01:34:57 --> Error connecting to the database: Access denied for user ''@'localhost' (using password: NO)
CRITICAL - 2022-04-16 01:34:57 --> Unable to connect to the database.
Main connection [MySQLi]: Access denied for user ''@'localhost' (using password: NO)
#0 D:\laragon\www\portofolio\system\Database\BaseConnection.php(577): CodeIgniter\Database\BaseConnection->initialize()
#1 D:\laragon\www\portofolio\system\Database\BaseBuilder.php(1455): CodeIgniter\Database\BaseConnection->query('SELECT *\nFROM `...', Array, false)
#2 D:\laragon\www\portofolio\system\Model.php(183): CodeIgniter\Database\BaseBuilder->get()
#3 D:\laragon\www\portofolio\system\BaseModel.php(584): CodeIgniter\Model->doFindAll(0, 0)
#4 D:\laragon\www\portofolio\app\Controllers\Home.php(15): CodeIgniter\BaseModel->findAll()
#5 D:\laragon\www\portofolio\system\CodeIgniter.php(832): App\Controllers\Home->index()
#6 D:\laragon\www\portofolio\system\CodeIgniter.php(419): CodeIgniter\CodeIgniter->runController(Object(App\Controllers\Home))
#7 D:\laragon\www\portofolio\system\CodeIgniter.php(326): CodeIgniter\CodeIgniter->handleRequest(NULL, Object(Config\Cache), false)
#8 D:\laragon\www\portofolio\public\index.php(37): CodeIgniter\CodeIgniter->run()
#9 D:\laragon\www\portofolio\system\Commands\Server\rewrite.php(43): require_once('D:\\laragon\\www\\...')
#10 {main}
ERROR - 2022-04-16 01:35:02 --> Error connecting to the database: Access denied for user ''@'localhost' (using password: NO)
CRITICAL - 2022-04-16 01:35:02 --> Unable to connect to the database.
Main connection [MySQLi]: Access denied for user ''@'localhost' (using password: NO)
#0 D:\laragon\www\portofolio\system\Database\BaseConnection.php(577): CodeIgniter\Database\BaseConnection->initialize()
#1 D:\laragon\www\portofolio\system\Database\BaseBuilder.php(1455): CodeIgniter\Database\BaseConnection->query('SELECT *\nFROM `...', Array, false)
#2 D:\laragon\www\portofolio\system\Model.php(183): CodeIgniter\Database\BaseBuilder->get()
#3 D:\laragon\www\portofolio\system\BaseModel.php(584): CodeIgniter\Model->doFindAll(0, 0)
#4 D:\laragon\www\portofolio\app\Controllers\Home.php(15): CodeIgniter\BaseModel->findAll()
#5 D:\laragon\www\portofolio\system\CodeIgniter.php(832): App\Controllers\Home->index()
#6 D:\laragon\www\portofolio\system\CodeIgniter.php(419): CodeIgniter\CodeIgniter->runController(Object(App\Controllers\Home))
#7 D:\laragon\www\portofolio\system\CodeIgniter.php(326): CodeIgniter\CodeIgniter->handleRequest(NULL, Object(Config\Cache), false)
#8 D:\laragon\www\portofolio\public\index.php(37): CodeIgniter\CodeIgniter->run()
#9 D:\laragon\www\portofolio\system\Commands\Server\rewrite.php(43): require_once('D:\\laragon\\www\\...')
#10 {main}
ERROR - 2022-04-16 01:37:01 --> Error connecting to the database: Access denied for user ''@'localhost' (using password: NO)
CRITICAL - 2022-04-16 01:37:01 --> Unable to connect to the database.
Main connection [MySQLi]: Access denied for user ''@'localhost' (using password: NO)
#0 D:\laragon\www\portofolio\system\Database\BaseConnection.php(577): CodeIgniter\Database\BaseConnection->initialize()
#1 D:\laragon\www\portofolio\system\Database\BaseBuilder.php(1455): CodeIgniter\Database\BaseConnection->query('SELECT *\nFROM `...', Array, false)
#2 D:\laragon\www\portofolio\system\Model.php(183): CodeIgniter\Database\BaseBuilder->get()
#3 D:\laragon\www\portofolio\system\BaseModel.php(584): CodeIgniter\Model->doFindAll(0, 0)
#4 D:\laragon\www\portofolio\app\Controllers\Home.php(15): CodeIgniter\BaseModel->findAll()
#5 D:\laragon\www\portofolio\system\CodeIgniter.php(832): App\Controllers\Home->index()
#6 D:\laragon\www\portofolio\system\CodeIgniter.php(419): CodeIgniter\CodeIgniter->runController(Object(App\Controllers\Home))
#7 D:\laragon\www\portofolio\system\CodeIgniter.php(326): CodeIgniter\CodeIgniter->handleRequest(NULL, Object(Config\Cache), false)
#8 D:\laragon\www\portofolio\public\index.php(37): CodeIgniter\CodeIgniter->run()
#9 D:\laragon\www\portofolio\system\Commands\Server\rewrite.php(43): require_once('D:\\laragon\\www\\...')
#10 {main}
ERROR - 2022-04-16 01:37:02 --> Error connecting to the database: Access denied for user ''@'localhost' (using password: NO)
CRITICAL - 2022-04-16 01:37:02 --> Unable to connect to the database.
Main connection [MySQLi]: Access denied for user ''@'localhost' (using password: NO)
#0 D:\laragon\www\portofolio\system\Database\BaseConnection.php(577): CodeIgniter\Database\BaseConnection->initialize()
#1 D:\laragon\www\portofolio\system\Database\BaseBuilder.php(1455): CodeIgniter\Database\BaseConnection->query('SELECT *\nFROM `...', Array, false)
#2 D:\laragon\www\portofolio\system\Model.php(183): CodeIgniter\Database\BaseBuilder->get()
#3 D:\laragon\www\portofolio\system\BaseModel.php(584): CodeIgniter\Model->doFindAll(0, 0)
#4 D:\laragon\www\portofolio\app\Controllers\Home.php(15): CodeIgniter\BaseModel->findAll()
#5 D:\laragon\www\portofolio\system\CodeIgniter.php(832): App\Controllers\Home->index()
#6 D:\laragon\www\portofolio\system\CodeIgniter.php(419): CodeIgniter\CodeIgniter->runController(Object(App\Controllers\Home))
#7 D:\laragon\www\portofolio\system\CodeIgniter.php(326): CodeIgniter\CodeIgniter->handleRequest(NULL, Object(Config\Cache), false)
#8 D:\laragon\www\portofolio\public\index.php(37): CodeIgniter\CodeIgniter->run()
#9 D:\laragon\www\portofolio\system\Commands\Server\rewrite.php(43): require_once('D:\\laragon\\www\\...')
#10 {main}
ERROR - 2022-04-16 01:46:54 --> Error connecting to the database: Access denied for user ''@'localhost' (using password: NO)
CRITICAL - 2022-04-16 01:46:54 --> Unable to connect to the database.
Main connection [MySQLi]: Access denied for user ''@'localhost' (using password: NO)
#0 D:\laragon\www\portofolio\system\Database\BaseConnection.php(577): CodeIgniter\Database\BaseConnection->initialize()
#1 D:\laragon\www\portofolio\system\Database\BaseBuilder.php(1455): CodeIgniter\Database\BaseConnection->query('SELECT *\nFROM `...', Array, false)
#2 D:\laragon\www\portofolio\system\Model.php(183): CodeIgniter\Database\BaseBuilder->get()
#3 D:\laragon\www\portofolio\system\BaseModel.php(584): CodeIgniter\Model->doFindAll(0, 0)
#4 D:\laragon\www\portofolio\app\Controllers\Home.php(15): CodeIgniter\BaseModel->findAll()
#5 D:\laragon\www\portofolio\system\CodeIgniter.php(832): App\Controllers\Home->index()
#6 D:\laragon\www\portofolio\system\CodeIgniter.php(419): CodeIgniter\CodeIgniter->runController(Object(App\Controllers\Home))
#7 D:\laragon\www\portofolio\system\CodeIgniter.php(326): CodeIgniter\CodeIgniter->handleRequest(NULL, Object(Config\Cache), false)
#8 D:\laragon\www\portofolio\public\index.php(37): CodeIgniter\CodeIgniter->run()
#9 D:\laragon\www\portofolio\system\Commands\Server\rewrite.php(43): require_once('D:\\laragon\\www\\...')
#10 {main}
ERROR - 2022-04-16 01:49:17 --> Error connecting to the database: Access denied for user ''@'localhost' (using password: NO)
CRITICAL - 2022-04-16 01:49:17 --> Unable to connect to the database.
Main connection [MySQLi]: Access denied for user ''@'localhost' (using password: NO)
#0 D:\laragon\www\portofolio\system\Database\BaseConnection.php(577): CodeIgniter\Database\BaseConnection->initialize()
#1 D:\laragon\www\portofolio\system\Database\BaseBuilder.php(1455): CodeIgniter\Database\BaseConnection->query('SELECT *\nFROM `...', Array, false)
#2 D:\laragon\www\portofolio\system\Model.php(183): CodeIgniter\Database\BaseBuilder->get()
#3 D:\laragon\www\portofolio\system\BaseModel.php(584): CodeIgniter\Model->doFindAll(0, 0)
#4 D:\laragon\www\portofolio\app\Controllers\Home.php(15): CodeIgniter\BaseModel->findAll()
#5 D:\laragon\www\portofolio\system\CodeIgniter.php(832): App\Controllers\Home->index()
#6 D:\laragon\www\portofolio\system\CodeIgniter.php(419): CodeIgniter\CodeIgniter->runController(Object(App\Controllers\Home))
#7 D:\laragon\www\portofolio\system\CodeIgniter.php(326): CodeIgniter\CodeIgniter->handleRequest(NULL, Object(Config\Cache), false)
#8 D:\laragon\www\portofolio\public\index.php(37): CodeIgniter\CodeIgniter->run()
#9 D:\laragon\www\portofolio\system\Commands\Server\rewrite.php(43): require_once('D:\\laragon\\www\\...')
#10 {main}
ERROR - 2022-04-16 01:49:18 --> Error connecting to the database: Access denied for user ''@'localhost' (using password: NO)
CRITICAL - 2022-04-16 01:49:18 --> Unable to connect to the database.
Main connection [MySQLi]: Access denied for user ''@'localhost' (using password: NO)
#0 D:\laragon\www\portofolio\system\Database\BaseConnection.php(577): CodeIgniter\Database\BaseConnection->initialize()
#1 D:\laragon\www\portofolio\system\Database\BaseBuilder.php(1455): CodeIgniter\Database\BaseConnection->query('SELECT *\nFROM `...', Array, false)
#2 D:\laragon\www\portofolio\system\Model.php(183): CodeIgniter\Database\BaseBuilder->get()
#3 D:\laragon\www\portofolio\system\BaseModel.php(584): CodeIgniter\Model->doFindAll(0, 0)
#4 D:\laragon\www\portofolio\app\Controllers\Home.php(15): CodeIgniter\BaseModel->findAll()
#5 D:\laragon\www\portofolio\system\CodeIgniter.php(832): App\Controllers\Home->index()
#6 D:\laragon\www\portofolio\system\CodeIgniter.php(419): CodeIgniter\CodeIgniter->runController(Object(App\Controllers\Home))
#7 D:\laragon\www\portofolio\system\CodeIgniter.php(326): CodeIgniter\CodeIgniter->handleRequest(NULL, Object(Config\Cache), false)
#8 D:\laragon\www\portofolio\public\index.php(37): CodeIgniter\CodeIgniter->run()
#9 D:\laragon\www\portofolio\system\Commands\Server\rewrite.php(43): require_once('D:\\laragon\\www\\...')
#10 {main}
ERROR - 2022-04-16 01:49:25 --> Error connecting to the database: Access denied for user ''@'localhost' (using password: NO)
CRITICAL - 2022-04-16 01:49:25 --> Unable to connect to the database.
Main connection [MySQLi]: Access denied for user ''@'localhost' (using password: NO)
#0 D:\laragon\www\portofolio\system\Database\BaseConnection.php(577): CodeIgniter\Database\BaseConnection->initialize()
#1 D:\laragon\www\portofolio\system\Database\BaseBuilder.php(1455): CodeIgniter\Database\BaseConnection->query('SELECT *\nFROM `...', Array, false)
#2 D:\laragon\www\portofolio\system\Model.php(183): CodeIgniter\Database\BaseBuilder->get()
#3 D:\laragon\www\portofolio\system\BaseModel.php(584): CodeIgniter\Model->doFindAll(0, 0)
#4 D:\laragon\www\portofolio\app\Controllers\Home.php(15): CodeIgniter\BaseModel->findAll()
#5 D:\laragon\www\portofolio\system\CodeIgniter.php(832): App\Controllers\Home->index()
#6 D:\laragon\www\portofolio\system\CodeIgniter.php(419): CodeIgniter\CodeIgniter->runController(Object(App\Controllers\Home))
#7 D:\laragon\www\portofolio\system\CodeIgniter.php(326): CodeIgniter\CodeIgniter->handleRequest(NULL, Object(Config\Cache), false)
#8 D:\laragon\www\portofolio\public\index.php(37): CodeIgniter\CodeIgniter->run()
#9 D:\laragon\www\portofolio\system\Commands\Server\rewrite.php(43): require_once('D:\\laragon\\www\\...')
#10 {main}
ERROR - 2022-04-16 01:49:26 --> Error connecting to the database: Access denied for user ''@'localhost' (using password: NO)
CRITICAL - 2022-04-16 01:49:26 --> Unable to connect to the database.
Main connection [MySQLi]: Access denied for user ''@'localhost' (using password: NO)
#0 D:\laragon\www\portofolio\system\Database\BaseConnection.php(577): CodeIgniter\Database\BaseConnection->initialize()
#1 D:\laragon\www\portofolio\system\Database\BaseBuilder.php(1455): CodeIgniter\Database\BaseConnection->query('SELECT *\nFROM `...', Array, false)
#2 D:\laragon\www\portofolio\system\Model.php(183): CodeIgniter\Database\BaseBuilder->get()
#3 D:\laragon\www\portofolio\system\BaseModel.php(584): CodeIgniter\Model->doFindAll(0, 0)
#4 D:\laragon\www\portofolio\app\Controllers\Home.php(15): CodeIgniter\BaseModel->findAll()
#5 D:\laragon\www\portofolio\system\CodeIgniter.php(832): App\Controllers\Home->index()
#6 D:\laragon\www\portofolio\system\CodeIgniter.php(419): CodeIgniter\CodeIgniter->runController(Object(App\Controllers\Home))
#7 D:\laragon\www\portofolio\system\CodeIgniter.php(326): CodeIgniter\CodeIgniter->handleRequest(NULL, Object(Config\Cache), false)
#8 D:\laragon\www\portofolio\public\index.php(37): CodeIgniter\CodeIgniter->run()
#9 D:\laragon\www\portofolio\system\Commands\Server\rewrite.php(43): require_once('D:\\laragon\\www\\...')
#10 {main}
